Using pre-set license
Built from '2020.3/staging' branch; Version is '2020.3.25f1 (9b9180224418) revision 10195328'; Using compiler version '192528614'; Build Type 'Release'
OS: 'Windows 10  (10.0.19043) 64bit Professional' Language: 'zh' Physical Memory: 16217 MB
BatchMode: 1, IsHumanControllingUs: 0, StartBugReporterOnCrash: 0, Is64bit: 1, IsPro: 0

COMMAND LINE ARGUMENTS:
C:\Program Files\Unity\Hub\Editor\2020.3.25f1\Editor\Unity.exe
-adb2
-batchMode
-noUpm
-name
AssetImportWorker0
-projectPath
C:/nknk1122/Unity_TNU_WebGAm_20220222_A/WebGAm_20220222_A
-logFile
Logs/AssetImportWorker0.log
-srvPort
2945
Successfully changed project path to: C:/nknk1122/Unity_TNU_WebGAm_20220222_A/WebGAm_20220222_A
C:/nknk1122/Unity_TNU_WebGAm_20220222_A/WebGAm_20220222_A
Using Asset Import Pipeline V2.
Refreshing native plugins compatible for Editor in 38.42 ms, found 3 plugins.
Preloading 0 native plugins for Editor in 0.00 ms.
Initialize engine version: 2020.3.25f1 (9b9180224418)
[Subsystems] Discovering subsystems at path C:/Program Files/Unity/Hub/Editor/2020.3.25f1/Editor/Data/Resources/UnitySubsystems
[Subsystems] Discovering subsystems at path C:/nknk1122/Unity_TNU_WebGAm_20220222_A/WebGAm_20220222_A/Assets
GfxDevice: creating device client; threaded=0
Direct3D:
    Version:  Direct3D 11.0 [level 11.1]
    Renderer: NVIDIA GeForce GTX 1650 SUPER (ID=0x2187)
    Vendor:   
    VRAM:     3955 MB
    Driver:   27.21.14.5671
Initialize mono
Mono path[0] = 'C:/Program Files/Unity/Hub/Editor/2020.3.25f1/Editor/Data/Managed'
Mono path[1] = 'C:/Program Files/Unity/Hub/Editor/2020.3.25f1/Editor/Data/MonoBleedingEdge/lib/mono/unityjit'
Mono config path = 'C:/Program Files/Unity/Hub/Editor/2020.3.25f1/Editor/Data/MonoBleedingEdge/etc'
Using monoOptions --debugger-agent=transport=dt_socket,embedding=1,server=y,suspend=n,address=127.0.0.1:56044
Begin MonoManager ReloadAssembly
Registering precompiled unity dll's ...
Register platform support module: C:/Program Files/Unity/Hub/Editor/2020.3.25f1/Editor/Data/PlaybackEngines/WebGLSupport/UnityEditor.WebGL.Extensions.dll
Register platform support module: C:/Program Files/Unity/Hub/Editor/2020.3.25f1/Editor/Data/PlaybackEngines/WindowsStandaloneSupport/UnityEditor.WindowsStandalone.Extensions.dll
Registered in 0.004164 seconds.
Native extension for WindowsStandalone target not found
Native extension for WebGL target not found
Refreshing native plugins compatible for Editor in 35.77 ms, found 3 plugins.
Preloading 0 native plugins for Editor in 0.00 ms.
Mono: successfully reloaded assembly
- Completed reload, in  0.523 seconds
Domain Reload Profiling:
	ReloadAssembly (523ms)
		BeginReloadAssembly (61ms)
			ExecutionOrderSort (0ms)
			DisableScriptedObjects (0ms)
			BackupInstance (0ms)
			ReleaseScriptingObjects (0ms)
			CreateAndSetChildDomain (1ms)
		EndReloadAssembly (388ms)
			LoadAssemblies (58ms)
			RebuildTransferFunctionScriptingTraits (0ms)
			SetupTypeCache (130ms)
			ReleaseScriptCaches (0ms)
			RebuildScriptCaches (26ms)
			SetupLoadedEditorAssemblies (139ms)
				LogAssemblyErrors (0ms)
				InitializePlatformSupportModulesInManaged (5ms)
				SetLoadedEditorAssemblies (0ms)
				RefreshPlugins (36ms)
				BeforeProcessingInitializeOnLoad (7ms)
				ProcessInitializeOnLoadAttributes (68ms)
				ProcessInitializeOnLoadMethodAttributes (23ms)
				AfterProcessingInitializeOnLoad (0ms)
				EditorAssembliesLoaded (0ms)
			ExecutionOrderSort2 (0ms)
			AwakeInstancesAfterBackupRestoration (0ms)
Platform modules already initialized, skipping
Registering precompiled user dll's ...
Registered in 0.005757 seconds.
Begin MonoManager ReloadAssembly
Native extension for WindowsStandalone target not found
Native extension for WebGL target not found
Refreshing native plugins compatible for Editor in 37.02 ms, found 3 plugins.
Preloading 0 native plugins for Editor in 0.00 ms.
Mono: successfully reloaded assembly
- Completed reload, in  0.986 seconds
Domain Reload Profiling:
	ReloadAssembly (987ms)
		BeginReloadAssembly (133ms)
			ExecutionOrderSort (0ms)
			DisableScriptedObjects (4ms)
			BackupInstance (0ms)
			ReleaseScriptingObjects (0ms)
			CreateAndSetChildDomain (15ms)
		EndReloadAssembly (791ms)
			LoadAssemblies (98ms)
			RebuildTransferFunctionScriptingTraits (0ms)
			SetupTypeCache (257ms)
			ReleaseScriptCaches (0ms)
			RebuildScriptCaches (39ms)
			SetupLoadedEditorAssemblies (300ms)
				LogAssemblyErrors (0ms)
				InitializePlatformSupportModulesInManaged (4ms)
				SetLoadedEditorAssemblies (0ms)
				RefreshPlugins (37ms)
				BeforeProcessingInitializeOnLoad (75ms)
				ProcessInitializeOnLoadAttributes (158ms)
				ProcessInitializeOnLoadMethodAttributes (14ms)
				AfterProcessingInitializeOnLoad (12ms)
				EditorAssembliesLoaded (0ms)
			ExecutionOrderSort2 (0ms)
			AwakeInstancesAfterBackupRestoration (6ms)
Platform modules already initialized, skipping
========================================================================
Worker process is ready to serve import requests
Launched and connected shader compiler UnityShaderCompiler.exe after 0.03 seconds
Refreshing native plugins compatible for Editor in 0.41 ms, found 3 plugins.
Preloading 0 native plugins for Editor in 0.00 ms.
Unloading 2194 Unused Serialized files (Serialized files now loaded: 0)
System memory in use before: 95.8 MB.
System memory in use after: 95.9 MB.

Unloading 28 unused Assets to reduce memory usage. Loaded Objects now: 2627.
Total: 2.566600 ms (FindLiveObjects: 0.153500 ms CreateObjectMapping: 0.074600 ms MarkObjects: 2.285100 ms  DeleteObjects: 0.052100 ms)

AssetImportParameters requested are different than current active one (requested -> active):
  custom:framework-win-MediaFoundation: 216162199b28c13a410421893ffa2e32 -> 
  custom:video-decoder-ogg-theora: a1e56fd34408186e4bbccfd4996cb3dc -> 
  custom:container-muxer-webm: aa71ff27fc2769a1b78a27578f13a17b -> 
  custom:container-demuxer-webm: 4f35f7cbe854078d1ac9338744f61a02 -> 
  custom:container-demuxer-ogg: 62fdf1f143b41e24485cea50d1cbac27 -> 
  custom:video-encoder-webm-vp8: eb34c28f22e8b96e1ab97ce403110664 -> 
  custom:video-decoder-webm-vp8: 9c59270c3fd7afecdb556c50c9e8de78 -> 
  custom:audio-decoder-ogg-vorbis: bf7c407c2cedff20999df2af8eb42d56 -> 
  custom:audio-encoder-webm-vorbis: bf7c407c2cedff20999df2af8eb42d56 -> 
========================================================================
Received Import Request.
  path: Assets/圖片
  artifactKey: Guid(8dd6f6312e7b98f41b37323f1000cb9f) Importer(815301076,1909f56bfc062723c751e8b465ee728b)
Start importing Assets/圖片 using Guid(8dd6f6312e7b98f41b37323f1000cb9f) Importer(815301076,1909f56bfc062723c751e8b465ee728b)  -> (artifact id: '78cd23fd44658d17005466d0980cf3df') in 0.003775 seconds 
  Import took 0.006180 seconds .

========================================================================
Received Import Request.
  Time since last request: 37.044967 seconds.
  path: Assets/圖片/Bench and chest
  artifactKey: Guid(cb73397d523c75342b2aed527554f709) Importer(815301076,1909f56bfc062723c751e8b465ee728b)
Start importing Assets/圖片/Bench and chest using Guid(cb73397d523c75342b2aed527554f709) Importer(815301076,1909f56bfc062723c751e8b465ee728b)  -> (artifact id: '8b59e02f0fbe3a1c9e9a621655b9f621') in 0.001525 seconds 
  Import took 0.004401 seconds .

========================================================================
Received Import Request.
  Time since last request: 4.297815 seconds.
  path: Assets/圖片/Fences/Big wooden fence
  artifactKey: Guid(5ef003df259629446931d72a95620e85) Importer(815301076,1909f56bfc062723c751e8b465ee728b)
Start importing Assets/圖片/Fences/Big wooden fence using Guid(5ef003df259629446931d72a95620e85) Importer(815301076,1909f56bfc062723c751e8b465ee728b)  -> (artifact id: '713608c65162fdfc4876d8aff49e40a7') in 0.001964 seconds 
  Import took 0.005020 seconds .

========================================================================
Received Import Request.
  Time since last request: 0.402464 seconds.
  path: Assets/圖片/Fences/Stone fence
  artifactKey: Guid(0b3f7db7d6cce3149993fbe74c18b83d) Importer(815301076,1909f56bfc062723c751e8b465ee728b)
Start importing Assets/圖片/Fences/Stone fence using Guid(0b3f7db7d6cce3149993fbe74c18b83d) Importer(815301076,1909f56bfc062723c751e8b465ee728b)  -> (artifact id: 'a7d07b471b9e870c83a94974144a0439') in 0.001487 seconds 
  Import took 0.004096 seconds .

========================================================================
Received Import Request.
  Time since last request: 9.660986 seconds.
  path: Assets/圖片/Ground tileset/Bright-grass-tileset.png
  artifactKey: Guid(60cbaf215be68994e80d756a1c2f9539) Importer(815301076,1909f56bfc062723c751e8b465ee728b)
Start importing Assets/圖片/Ground tileset/Bright-grass-tileset.png using Guid(60cbaf215be68994e80d756a1c2f9539) Importer(815301076,1909f56bfc062723c751e8b465ee728b)  -> (artifact id: '4cad7c1116ddaa1038dfc79d8f120e1b') in 0.122834 seconds 
  Import took 0.125659 seconds .

========================================================================
Received Import Request.
  Time since last request: 288.056539 seconds.
  path: Assets/圖片/Ground tileset/Bright-grass-tileset.png
  artifactKey: Guid(60cbaf215be68994e80d756a1c2f9539) Importer(815301076,1909f56bfc062723c751e8b465ee728b)
Start importing Assets/圖片/Ground tileset/Bright-grass-tileset.png using Guid(60cbaf215be68994e80d756a1c2f9539) Importer(815301076,1909f56bfc062723c751e8b465ee728b)  -> (artifact id: '76c38cb7ceb9b5a0522dd46dab89e9c2') in 0.008615 seconds 
  Import took 0.011354 seconds .

========================================================================
Received Import Request.
  Time since last request: 368.943047 seconds.
  path: Assets/圖片/Ground tileset/Bright-grass-tileset.png
  artifactKey: Guid(60cbaf215be68994e80d756a1c2f9539) Importer(815301076,1909f56bfc062723c751e8b465ee728b)
Start importing Assets/圖片/Ground tileset/Bright-grass-tileset.png using Guid(60cbaf215be68994e80d756a1c2f9539) Importer(815301076,1909f56bfc062723c751e8b465ee728b)  -> (artifact id: '0dbe63cc39af55bb28db5c1f63374a2d') in 0.086029 seconds 
  Import took 0.088919 seconds .

========================================================================
Received Import Request.
  Time since last request: 10.320419 seconds.
  path: Assets/圖片/Ground tileset/Earth-tileset.png
  artifactKey: Guid(fb35cd90653c32848b1b62227a5bfb69) Importer(815301076,1909f56bfc062723c751e8b465ee728b)
Start importing Assets/圖片/Ground tileset/Earth-tileset.png using Guid(fb35cd90653c32848b1b62227a5bfb69) Importer(815301076,1909f56bfc062723c751e8b465ee728b)  -> (artifact id: '5fac1861f723a44bd70b4f5e2db5427e') in 0.009028 seconds 
  Import took 0.011971 seconds .

========================================================================
Received Import Request.
  Time since last request: 10.088451 seconds.
  path: Assets/圖片/Ground tileset/Earth-tileset.png
  artifactKey: Guid(fb35cd90653c32848b1b62227a5bfb69) Importer(815301076,1909f56bfc062723c751e8b465ee728b)
Start importing Assets/圖片/Ground tileset/Earth-tileset.png using Guid(fb35cd90653c32848b1b62227a5bfb69) Importer(815301076,1909f56bfc062723c751e8b465ee728b)  -> (artifact id: '4ea9bd0a0bcf2fd41e4bf90858e5ccc1') in 0.006317 seconds 
  Import took 0.009163 seconds .

========================================================================
Received Import Request.
  Time since last request: 20.130785 seconds.
  path: Assets/圖片/Ground tileset/Earth-tileset.png
  artifactKey: Guid(fb35cd90653c32848b1b62227a5bfb69) Importer(815301076,1909f56bfc062723c751e8b465ee728b)
Start importing Assets/圖片/Ground tileset/Earth-tileset.png using Guid(fb35cd90653c32848b1b62227a5bfb69) Importer(815301076,1909f56bfc062723c751e8b465ee728b)  -> (artifact id: '7097c702b61ed8ac890b481ee33ee134') in 0.023027 seconds 
  Import took 0.025726 seconds .

========================================================================
Received Import Request.
  Time since last request: 55.683582 seconds.
  path: Assets/圖片/First Asset pack .png
  artifactKey: Guid(0c6654b7fc10ee64b9639f9ffbd7fa4d) Importer(815301076,1909f56bfc062723c751e8b465ee728b)
Start importing Assets/圖片/First Asset pack .png using Guid(0c6654b7fc10ee64b9639f9ffbd7fa4d) Importer(815301076,1909f56bfc062723c751e8b465ee728b)  -> (artifact id: '47ab5e67853c7594433d2b4901b30fc3') in 0.010820 seconds 
  Import took 0.013902 seconds .

========================================================================
Received Import Request.
  Time since last request: 9.180175 seconds.
  path: Assets/圖片/First Asset pack .png
  artifactKey: Guid(0c6654b7fc10ee64b9639f9ffbd7fa4d) Importer(815301076,1909f56bfc062723c751e8b465ee728b)
Start importing Assets/圖片/First Asset pack .png using Guid(0c6654b7fc10ee64b9639f9ffbd7fa4d) Importer(815301076,1909f56bfc062723c751e8b465ee728b)  -> (artifact id: 'ed15a8c31c5e4a51529a073080e50227') in 0.006449 seconds 
  Import took 0.009131 seconds .

========================================================================
Received Import Request.
  Time since last request: 33.297668 seconds.
  path: Assets/圖片/First Asset pack .png
  artifactKey: Guid(0c6654b7fc10ee64b9639f9ffbd7fa4d) Importer(815301076,1909f56bfc062723c751e8b465ee728b)
Start importing Assets/圖片/First Asset pack .png using Guid(0c6654b7fc10ee64b9639f9ffbd7fa4d) Importer(815301076,1909f56bfc062723c751e8b465ee728b)  -> (artifact id: 'e12e43e100d73c465b4736015797f232') in 1.004576 seconds 
  Import took 1.008902 seconds .

AssetImportWorkerClient::OnTransportError - code=2 error=End of file
